#
# There is insufficient memory for the Java Runtime Environment to continue.
# Native memory allocation (mmap) failed to map 65011712 bytes for G1 virtual space
# Possible reasons:
#   The system is out of physical RAM or swap space
#   The process is running with CompressedOops enabled, and the Java Heap may be blocking the growth of the native heap
# Possible solutions:
#   Reduce memory load on the system
#   Increase physical memory or swap space
#   Check if swap backing store is full
#   Decrease Java heap size (-Xmx/-Xms)
#   Decrease number of Java threads
#   Decrease Java thread stack sizes (-Xss)
#   Set larger code cache with -XX:ReservedCodeCacheSize=
#   JVM is running with Unscaled Compressed Oops mode in which the Java heap is
#     placed in the first 4GB address space. The Java Heap base address is the
#     maximum limit for the native heap growth. Please use -XX:HeapBaseMinAddress
#     to set the Java Heap base and to place the Java Heap above 4GB virtual address.
# This output file may be truncated or incomplete.
#
#  Out of Memory Error (os_windows.cpp:3530), pid=5960, tid=7968
#
# JRE version:  (18.0.1.1+2) (build )
# Java VM: Java HotSpot(TM) 64-Bit Server VM (18.0.1.1+2-6, mixed mode, sharing, tiered, compressed oops, compressed class ptrs, g1 gc, windows-amd64)
# No core dump will be written. Minidumps are not enabled by default on client versions of Windows
#

---------------  S U M M A R Y ------------

Command Line: -Dfile.encoding=UTF-8 --module-path=C:\Users\abreu\Documents\NetBeansProjects\ThinkBigProjeto\build\classes thinkbigprojeto.Inicial

Host: Intel(R) Celeron(R) N4020 CPU @ 1.10GHz, 2 cores, 3G,  Windows 10 , 64 bit Build 19041 (10.0.19041.1706)
Time: Wed Jul 13 10:04:14 2022 Hora Padrão de Buenos Aires elapsed time: 0.081816 seconds (0d 0h 0m 0s)

---------------  T H R E A D  ---------------

Current thread (0x000001530c15cc00):  JavaThread "Unknown thread" [_thread_in_vm, id=7968, stack(0x0000001d1fc00000,0x0000001d1fd00000)]

Stack: [0x0000001d1fc00000,0x0000001d1fd00000]
Native frames: (J=compiled Java code, j=interpreted, Vv=VM code, C=native code)
V  [jvm.dll+0x69887a]
V  [jvm.dll+0x7f38bd]
V  [jvm.dll+0x7f51ce]
V  [jvm.dll+0x7f5883]
V  [jvm.dll+0x25ca3f]
V  [jvm.dll+0x6957c9]
V  [jvm.dll+0x68a2fa]
V  [jvm.dll+0x321efb]
V  [jvm.dll+0x3298d6]
V  [jvm.dll+0x37e47e]
V  [jvm.dll+0x37e6af]
V  [jvm.dll+0x2f9c7a]
V  [jvm.dll+0x2facdd]
V  [jvm.dll+0x7c24f0]
V  [jvm.dll+0x38b801]
V  [jvm.dll+0x7a1203]
V  [jvm.dll+0x40d6bf]
V  [jvm.dll+0x40f091]
C  [jli.dll+0x526b]
C  [ucrtbase.dll+0x21bb2]
C  [KERNEL32.DLL+0x17034]
C  [ntdll.dll+0x52651]


---------------  P R O C E S S  ---------------

Threads class SMR info:
_java_thread_list=0x00007ff975abd550, length=0, elements={
}

Java Threads: ( => current thread )

Other Threads:
  0x000001530c19d6b0 WorkerThread "GC Thread#0" [stack: 0x0000001d1fe00000,0x0000001d1ff00000] [id=9228]
  0x000001530c1a5f70 ConcurrentGCThread "G1 Main Marker" [stack: 0x0000001d1ff00000,0x0000001d20000000] [id=5788]
  0x000001530c1a8020 WorkerThread "G1 Conc#0" [stack: 0x0000001d20000000,0x0000001d20100000] [id=7836]

[error occurred during error reporting (printing all threads), id 0xc0000005, EXCEPTION_ACCESS_VIOLATION (0xc0000005) at pc=0x00007ff9752ea217]

VM state: not at safepoint (not fully initialized)

VM Mutex/Monitor currently owned by a thread:  ([mutex/lock_event])
[0x000001530c1598f0] Heap_lock - owner thread: 0x000001530c15cc00

Heap address: 0x00000000c2c00000, size: 980 MB, Compressed Oops mode: 32-bit

CDS archive(s) mapped at: [0x0000000000000000-0x0000000000000000-0x0000000000000000), size 0, SharedBaseAddress: 0x0000000800000000, ArchiveRelocationMode: 0.
Narrow klass base: 0x0000000000000000, Narrow klass shift: 0, Narrow klass range: 0x0

GC Precious Log:
 CardTable entry size: 512
 Card Set container configuration: InlinePtr #cards 5 size 8 Array Of Cards #cards 12 size 40 Howl #buckets 4 coarsen threshold 1843 Howl Bitmap #cards 512 size 80 coarsen threshold 460 Card regions per heap region 1 cards per card region 2048

Heap:
 garbage-first heap   total 0K, used 0K [0x00000000c2c00000, 0x0000000100000000)
  region size 1024K, 0 young (0K), 0 survivors (0K)

[error occurred during error reporting (printing heap information), id 0xc0000005, EXCEPTION_ACCESS_VIOLATION (0xc0000005) at pc=0x00007ff9756d0cb9]

GC Heap History (0 events):
No events

Deoptimization events (0 events):
No events

Classes loaded (0 events):
No events

Classes unloaded (0 events):
No events

Classes redefined (0 events):
No events

Internal exceptions (0 events):
No events

VM Operations (0 events):
No events

Events (1 events):
Event: 0.015 Loaded shared library C:\Program Files\Java\jdk-18.0.1.1\bin\java.dll


Dynamic libraries:
0x00007ff77c490000 - 0x00007ff77c4a0000 	C:\Program Files\Java\jdk-18.0.1.1\bin\java.exe
0x00007ff9c1f90000 - 0x00007ff9c2185000 	C:\Windows\SYSTEM32\ntdll.dll
0x00007ff9c0560000 - 0x00007ff9c061d000 	C:\Windows\System32\KERNEL32.DLL
0x00007ff9bf6a0000 - 0x00007ff9bf96d000 	C:\Windows\System32\KERNELBASE.dll
0x00007ff9bfee0000 - 0x00007ff9bffe0000 	C:\Windows\System32\ucrtbase.dll
0x00007ff9ac360000 - 0x00007ff9ac378000 	C:\Program Files\Java\jdk-18.0.1.1\bin\jli.dll
0x00007ff9c0750000 - 0x00007ff9c07fe000 	C:\Windows\System32\ADVAPI32.dll
0x00007ff9c0ae0000 - 0x00007ff9c0b7e000 	C:\Windows\System32\msvcrt.dll
0x00007ff9bffe0000 - 0x00007ff9c007c000 	C:\Windows\System32\sechost.dll
0x00007ff9c0620000 - 0x00007ff9c0745000 	C:\Windows\System32\RPCRT4.dll
0x00007ff9c1710000 - 0x00007ff9c18b0000 	C:\Windows\System32\USER32.dll
0x00007ff9bfb20000 - 0x00007ff9bfb42000 	C:\Windows\System32\win32u.dll
0x00007ff9c04a0000 - 0x00007ff9c04ca000 	C:\Windows\System32\GDI32.dll
0x00007ff9bfb50000 - 0x00007ff9bfc5b000 	C:\Windows\System32\gdi32full.dll
0x00007ff9bf970000 - 0x00007ff9bfa0d000 	C:\Windows\System32\msvcp_win.dll
0x00007ff9ba0f0000 - 0x00007ff9ba10a000 	C:\Program Files\Java\jdk-18.0.1.1\bin\VCRUNTIME140.dll
0x00007ff9a9400000 - 0x00007ff9a969a000 	C:\Windows\WinSxS\amd64_microsoft.windows.common-controls_6595b64144ccf1df_6.0.19041.1110_none_60b5254171f9507e\COMCTL32.dll
0x00007ff9b68a0000 - 0x00007ff9b68aa000 	C:\Windows\SYSTEM32\VERSION.dll
0x00007ff9c04d0000 - 0x00007ff9c0500000 	C:\Windows\System32\IMM32.DLL
0x00007ff9ba0e0000 - 0x00007ff9ba0ec000 	C:\Program Files\Java\jdk-18.0.1.1\bin\vcruntime140_1.dll
0x00007ff99c160000 - 0x00007ff99c1ed000 	C:\Program Files\Java\jdk-18.0.1.1\bin\msvcp140.dll
0x00007ff974fe0000 - 0x00007ff975bf0000 	C:\Program Files\Java\jdk-18.0.1.1\bin\server\jvm.dll
0x00007ff9c13a0000 - 0x00007ff9c13a8000 	C:\Windows\System32\PSAPI.DLL
0x00007ff9ba110000 - 0x00007ff9ba119000 	C:\Windows\SYSTEM32\WSOCK32.dll
0x00007ff9c0b80000 - 0x00007ff9c0beb000 	C:\Windows\System32\WS2_32.dll
0x00007ff994b20000 - 0x00007ff994b47000 	C:\Windows\SYSTEM32\WINMM.dll
0x00007ff9bdf30000 - 0x00007ff9bdf42000 	C:\Windows\SYSTEM32\kernel.appcore.dll
0x00007ff9ba0d0000 - 0x00007ff9ba0da000 	C:\Program Files\Java\jdk-18.0.1.1\bin\jimage.dll
0x00007ff9bd4a0000 - 0x00007ff9bd684000 	C:\Windows\SYSTEM32\DBGHELP.DLL
0x00007ff9a9100000 - 0x00007ff9a912c000 	C:\Windows\SYSTEM32\dbgcore.DLL
0x00007ff9bfa40000 - 0x00007ff9bfac2000 	C:\Windows\System32\bcryptPrimitives.dll
0x00007ff9b4570000 - 0x00007ff9b4595000 	C:\Program Files\Java\jdk-18.0.1.1\bin\java.dll

dbghelp: loaded successfully - version: 4.0.5 - missing functions: none
symbol engine: initialized successfully - sym options: 0x614 - pdb path: .;C:\Program Files\Java\jdk-18.0.1.1\bin;C:\Windows\SYSTEM32;C:\Windows\WinSxS\amd64_microsoft.windows.common-controls_6595b64144ccf1df_6.0.19041.1110_none_60b5254171f9507e;C:\Program Files\Java\jdk-18.0.1.1\bin\server

VM Arguments:
jvm_args: -Dfile.encoding=UTF-8 --module-path=C:\Users\abreu\Documents\NetBeansProjects\ThinkBigProjeto\build\classes 
java_command: thinkbigprojeto.Inicial
java_class_path (initial): C:\Users\abreu\Downloads\TimingFramework-0.55.jar;C:\Users\abreu\Documents\NetBeansProjects\ThinkBigProjeto\build\classes
Launcher Type: SUN_STANDARD

[Global flags]
     intx CICompilerCount                          = 2                                         {product} {ergonomic}
     uint ConcGCThreads                            = 1                                         {product} {ergonomic}
     uint G1ConcRefinementThreads                  = 2                                         {product} {ergonomic}
   size_t G1HeapRegionSize                         = 1048576                                   {product} {ergonomic}
    uintx GCDrainStackTargetSize                   = 64                                        {product} {ergonomic}
   size_t InitialHeapSize                          = 65011712                                  {product} {ergonomic}
   size_t MarkStackSize                            = 4194304                                   {product} {ergonomic}
   size_t MaxHeapSize                              = 1027604480                                {product} {ergonomic}
   size_t MinHeapDeltaBytes                        = 1048576                                   {product} {ergonomic}
   size_t MinHeapSize                              = 8388608                                   {product} {ergonomic}
    uintx NonNMethodCodeHeapSize                   = 5826188                                {pd product} {ergonomic}
    uintx NonProfiledCodeHeapSize                  = 122916026                              {pd product} {ergonomic}
    uintx ProfiledCodeHeapSize                     = 122916026                              {pd product} {ergonomic}
    uintx ReservedCodeCacheSize                    = 251658240                              {pd product} {ergonomic}
     bool SegmentedCodeCache                       = true                                      {product} {ergonomic}
   size_t SoftMaxHeapSize                          = 1027604480                             {manageable} {ergonomic}
     bool UseCompressedClassPointers               = true                           {product lp64_product} {ergonomic}
     bool UseCompressedOops                        = true                           {product lp64_product} {ergonomic}
     bool UseG1GC                                  = true                                      {product} {ergonomic}
     bool UseLargePagesIndividualAllocation        = false                                  {pd product} {ergonomic}

Logging:
Log output configuration:
 #0: stdout all=warning uptime,level,tags foldmultilines=false
 #1: stderr all=off uptime,level,tags foldmultilines=false

Environment Variables:
PATH=C:\Program Files\Common Files\Oracle\Java\javapath;C:\ProgramData\Oracle\Java\javapath;C:\Windows\system32;C:\Windows;C:\Windows\System32\Wbem;C:\Windows\System32\WindowsPowerShell\v1.0\;C:\Windows\System32\OpenSSH\;C:\Program Files\Git\cmd;C:\Program Files\Git\mingw64\bin;C:\Program Files\Git\usr\bin;C:\Users\abreu\AppData\Local\Microsoft\WindowsApps;;C:\Users\abreu\AppData\Local\Programs\Microsoft VS Code\bin
USERNAME=abreu
OS=Windows_NT
PROCESSOR_IDENTIFIER=Intel64 Family 6 Model 122 Stepping 8, GenuineIntel



---------------  S Y S T E M  ---------------

OS:
 Windows 10 , 64 bit Build 19041 (10.0.19041.1706)
OS uptime: 2 days 14:05 hours

CPU: total 2 (initial active 2) (2 cores per cpu, 1 threads per core) family 6 model 122 stepping 8 microcode 0x16, cx8, cmov, fxsr, mmx, 3dnowpref, sse, sse2, sse3, ssse3, sse4.1, sse4.2, popcnt, tsc, tscinvbit, aes, erms, clmul, sha, clflush, clflushopt

Memory: 4k page, system-wide physical 3916M (482M free)
TotalPageFile size 15692M (AvailPageFile size 53M)
current process WorkingSet (physical memory assigned to process): 10M, peak: 10M
current process commit charge ("private bytes"): 47M, peak: 109M

vm_info: Java HotSpot(TM) 64-Bit Server VM (18.0.1.1+2-6) for windows-amd64 JRE (18.0.1.1+2-6), built on Apr 25 2022 21:53:15 by "mach5one" with MS VC++ 16.8 / 16.9 (VS2019)

END.
