#
# There is insufficient memory for the Java Runtime Environment to continue.
# Native memory allocation (mmap) failed to map 65536 bytes for Failed to commit metaspace.
# Possible reasons:
#   The system is out of physical RAM or swap space
#   The process is running with CompressedOops enabled, and the Java Heap may be blocking the growth of the native heap
# Possible solutions:
#   Reduce memory load on the system
#   Increase physical memory or swap space
#   Check if swap backing store is full
#   Decrease Java heap size (-Xmx/-Xms)
#   Decrease number of Java threads
#   Decrease Java thread stack sizes (-Xss)
#   Set larger code cache with -XX:ReservedCodeCacheSize=
#   JVM is running with Unscaled Compressed Oops mode in which the Java heap is
#     placed in the first 4GB address space. The Java Heap base address is the
#     maximum limit for the native heap growth. Please use -XX:HeapBaseMinAddress
#     to set the Java Heap base and to place the Java Heap above 4GB virtual address.
# This output file may be truncated or incomplete.
#
#  Out of Memory Error (virtualSpaceNode.cpp:110), pid=7340, tid=996
#
# JRE version: Java(TM) SE Runtime Environment (18.0.1.1+2) (build 18.0.1.1+2-6)
# Java VM: Java HotSpot(TM) 64-Bit Server VM (18.0.1.1+2-6, mixed mode, sharing, tiered, compressed oops, compressed class ptrs, g1 gc, windows-amd64)
# No core dump will be written. Minidumps are not enabled by default on client versions of Windows
#

---------------  S U M M A R Y ------------

Command Line: -Dfile.encoding=UTF-8 --module-path=C:\Users\abreu\Documents\NetBeansProjects\ThinkBigProjeto\build\classes thinkbigprojeto.Inicial

Host: Intel(R) Celeron(R) N4020 CPU @ 1.10GHz, 2 cores, 3G,  Windows 10 , 64 bit Build 19041 (10.0.19041.1706)
Time: Wed Jul 13 13:30:01 2022 Hora Padrão de Buenos Aires elapsed time: 0.881330 seconds (0d 0h 0m 0s)

---------------  T H R E A D  ---------------

Current thread (0x000001e1ee415020):  JavaThread "AWT-EventQueue-0" [_thread_in_vm, id=996, stack(0x0000001297d00000,0x0000001297e00000)]

Stack: [0x0000001297d00000,0x0000001297e00000]
Native frames: (J=compiled Java code, j=interpreted, Vv=VM code, C=native code)
V  [jvm.dll+0x69887a]
V  [jvm.dll+0x7f38bd]
V  [jvm.dll+0x7f51ce]
V  [jvm.dll+0x7f5883]
V  [jvm.dll+0x25ca3f]
V  [jvm.dll+0x7ef5cb]
V  [jvm.dll+0x63ea76]
V  [jvm.dll+0x63eada]
V  [jvm.dll+0x64135e]
V  [jvm.dll+0x64121e]
V  [jvm.dll+0x63f43e]
V  [jvm.dll+0x2524a0]
V  [jvm.dll+0x202d5d]
V  [jvm.dll+0x1f8781]
V  [jvm.dll+0x55d685]
V  [jvm.dll+0x209637]
V  [jvm.dll+0x76cf6d]
V  [jvm.dll+0x76e2a6]
V  [jvm.dll+0x76ea31]
V  [jvm.dll+0x203584]
V  [jvm.dll+0x1f879a]
V  [jvm.dll+0x55d685]
V  [jvm.dll+0x209637]
V  [jvm.dll+0x76cf6d]
V  [jvm.dll+0x76e2a6]
V  [jvm.dll+0x76e5d8]
V  [jvm.dll+0x254d46]
V  [jvm.dll+0x3a0d7e]
C  0x000001e1d6acb434

Java frames: (J=compiled Java code, j=interpreted, Vv=VM code)
j  java.awt.MediaTracker.addImageImpl(Ljava/awt/Image;III)V+5 java.desktop@18.0.1.1
j  java.awt.MediaTracker.addImage(Ljava/awt/Image;III)V+6 java.desktop@18.0.1.1
j  java.awt.MediaTracker.addImage(Ljava/awt/Image;I)V+5 java.desktop@18.0.1.1
j  javax.swing.ImageIcon.loadImage(Ljava/awt/Image;)V+19 java.desktop@18.0.1.1
j  javax.swing.ImageIcon.<init>(Ljava/net/URL;Ljava/lang/String;)V+63 java.desktop@18.0.1.1
j  javax.swing.ImageIcon.<init>(Ljava/net/URL;)V+6 java.desktop@18.0.1.1
j  thinkbigprojeto.Inicial.initComponents()V+464
j  thinkbigprojeto.Inicial.<init>()V+5
j  thinkbigprojeto.Inicial$3.run()V+4
j  java.awt.event.InvocationEvent.dispatch()V+47 java.desktop@18.0.1.1
j  java.awt.EventQueue.dispatchEventImpl(Ljava/awt/AWTEvent;Ljava/lang/Object;)V+21 java.desktop@18.0.1.1
j  java.awt.EventQueue$4.run()Ljava/lang/Void;+32 java.desktop@18.0.1.1
j  java.awt.EventQueue$4.run()Ljava/lang/Object;+1 java.desktop@18.0.1.1
j  java.security.AccessController.executePrivileged(Ljava/security/PrivilegedAction;Ljava/security/AccessControlContext;Ljava/lang/Class;)Ljava/lang/Object;+29 java.base@18.0.1.1
j  java.security.AccessController.doPrivileged(Ljava/security/PrivilegedAction;Ljava/security/AccessControlContext;)Ljava/lang/Object;+13 java.base@18.0.1.1
j  java.security.ProtectionDomain$JavaSecurityAccessImpl.doIntersectionPrivilege(Ljava/security/PrivilegedAction;Ljava/security/AccessControlContext;Ljava/security/AccessControlContext;)Ljava/lang/Object;+18 java.base@18.0.1.1
j  java.awt.EventQueue.dispatchEvent(Ljava/awt/AWTEvent;)V+46 java.desktop@18.0.1.1
j  java.awt.EventDispatchThread.pumpOneEventForFilters(I)V+78 java.desktop@18.0.1.1
j  java.awt.EventDispatchThread.pumpEventsForFilter(ILjava/awt/Conditional;Ljava/awt/EventFilter;)V+35 java.desktop@18.0.1.1
j  java.awt.EventDispatchThread.pumpEventsForHierarchy(ILjava/awt/Conditional;Ljava/awt/Component;)V+11 java.desktop@18.0.1.1
j  java.awt.EventDispatchThread.pumpEvents(ILjava/awt/Conditional;)V+4 java.desktop@18.0.1.1
j  java.awt.EventDispatchThread.pumpEvents(Ljava/awt/Conditional;)V+3 java.desktop@18.0.1.1
j  java.awt.EventDispatchThread.run()V+9 java.desktop@18.0.1.1
v  ~StubRoutines::call_stub

---------------  P R O C E S S  ---------------

Threads class SMR info:
_java_thread_list=0x000001e1ee3c6200, length=16, elements={
0x000001e1e9e41ea0, 0x000001e1e9e42a10, 0x000001e1e9e568e0, 0x000001e1e9e57190,
0x000001e1e9e57a40, 0x000001e1e9e5a300, 0x000001e1e9e5aee0, 0x000001e1e9ec2be0,
0x000001e1e9ec50f0, 0x000001e1e9ee51d0, 0x000001e1ee1e0780, 0x000001e1ee25f3d0,
0x000001e1ee25f890, 0x000001e1ee25fd50, 0x000001e1ee415020, 0x000001e1cf16cd50
}

Java Threads: ( => current thread )
  0x000001e1e9e41ea0 JavaThread "Reference Handler" daemon [_thread_blocked, id=7584, stack(0x0000001296e00000,0x0000001296f00000)]
  0x000001e1e9e42a10 JavaThread "Finalizer" daemon [_thread_blocked, id=7780, stack(0x0000001296f00000,0x0000001297000000)]
  0x000001e1e9e568e0 JavaThread "Signal Dispatcher" daemon [_thread_blocked, id=6208, stack(0x0000001297000000,0x0000001297100000)]
  0x000001e1e9e57190 JavaThread "Attach Listener" daemon [_thread_blocked, id=2556, stack(0x0000001297100000,0x0000001297200000)]
  0x000001e1e9e57a40 JavaThread "Service Thread" daemon [_thread_blocked, id=7372, stack(0x0000001297200000,0x0000001297300000)]
  0x000001e1e9e5a300 JavaThread "Monitor Deflation Thread" daemon [_thread_blocked, id=1240, stack(0x0000001297300000,0x0000001297400000)]
  0x000001e1e9e5aee0 JavaThread "C2 CompilerThread0" daemon [_thread_blocked, id=5372, stack(0x0000001297400000,0x0000001297500000)]
  0x000001e1e9ec2be0 JavaThread "C1 CompilerThread0" daemon [_thread_blocked, id=6636, stack(0x0000001297500000,0x0000001297600000)]
  0x000001e1e9ec50f0 JavaThread "Sweeper thread" daemon [_thread_blocked, id=2240, stack(0x0000001297600000,0x0000001297700000)]
  0x000001e1e9ee51d0 JavaThread "Common-Cleaner" daemon [_thread_blocked, id=1404, stack(0x0000001297700000,0x0000001297800000)]
  0x000001e1ee1e0780 JavaThread "Notification Thread" daemon [_thread_blocked, id=7068, stack(0x0000001297800000,0x0000001297900000)]
  0x000001e1ee25f3d0 JavaThread "Java2D Disposer" daemon [_thread_blocked, id=5108, stack(0x0000001297a00000,0x0000001297b00000)]
  0x000001e1ee25f890 JavaThread "AWT-Shutdown" [_thread_blocked, id=3964, stack(0x0000001297b00000,0x0000001297c00000)]
  0x000001e1ee25fd50 JavaThread "AWT-Windows" daemon [_thread_in_native, id=576, stack(0x0000001297c00000,0x0000001297d00000)]
=>0x000001e1ee415020 JavaThread "AWT-EventQueue-0" [_thread_in_vm, id=996, stack(0x0000001297d00000,0x0000001297e00000)]
  0x000001e1cf16cd50 JavaThread "DestroyJavaVM" [_thread_blocked, id=3848, stack(0x0000001296700000,0x0000001296800000)]

Other Threads:
  0x000001e1cf239030 VMThread "VM Thread" [stack: 0x0000001296d00000,0x0000001296e00000] [id=4088]
  0x000001e1ee154020 WatcherThread "VM Periodic Task Thread" [stack: 0x0000001297900000,0x0000001297a00000] [id=7460]
  0x000001e1cf1ad800 WorkerThread "GC Thread#0" [stack: 0x0000001296800000,0x0000001296900000] [id=1752]
  0x000001e1cf1b60c0 ConcurrentGCThread "G1 Main Marker" [stack: 0x0000001296900000,0x0000001296a00000] [id=1716]
  0x000001e1cf1b79d0 WorkerThread "G1 Conc#0" [stack: 0x0000001296a00000,0x0000001296b00000] [id=9764]
  0x000001e1cf1d7410 ConcurrentGCThread "G1 Refine#0" [stack: 0x0000001296b00000,0x0000001296c00000] [id=7228]
  0x000001e1cf1d7c30 ConcurrentGCThread "G1 Service" [stack: 0x0000001296c00000,0x0000001296d00000] [id=5952]

Threads with active compile tasks:

VM state: not at safepoint (normal execution)

VM Mutex/Monitor currently owned by a thread:  ([mutex/lock_event])
[0x000001e1cf1672e0] Metaspace_lock - owner thread: 0x000001e1ee415020

Heap address: 0x00000000c2c00000, size: 980 MB, Compressed Oops mode: 32-bit

CDS archive(s) mapped at: [0x0000000800000000-0x0000000800ba0000-0x0000000800ba0000), size 12189696, SharedBaseAddress: 0x0000000800000000, ArchiveRelocationMode: 0.
Compressed class space mapped at: 0x0000000800c00000-0x0000000840c00000, reserved size: 1073741824
Narrow klass base: 0x0000000800000000, Narrow klass shift: 0, Narrow klass range: 0x100000000

GC Precious Log:
 CardTable entry size: 512
 Card Set container configuration: InlinePtr #cards 5 size 8 Array Of Cards #cards 12 size 40 Howl #buckets 4 coarsen threshold 1843 Howl Bitmap #cards 512 size 80 coarsen threshold 460 Card regions per heap region 1 cards per card region 2048
 CPUs: 2 total, 2 available
 Memory: 3916M
 Large Page Support: Disabled
 NUMA Support: Disabled
 Compressed Oops: Enabled (32-bit)
 Heap Region Size: 1M
 Heap Min Capacity: 8M
 Heap Initial Capacity: 62M
 Heap Max Capacity: 980M
 Pre-touch: Disabled
 Parallel Workers: 2
 Concurrent Workers: 1
 Concurrent Refinement Workers: 2
 Periodic GC: Disabled

Heap:
 garbage-first heap   total 63488K, used 5120K [0x00000000c2c00000, 0x0000000100000000)
  region size 1024K, 6 young (6144K), 0 survivors (0K)
 Metaspace       used 6545K, committed 6720K, reserved 1114112K
  class space    used 757K, committed 896K, reserved 1048576K

Heap Regions: E=young(eden), S=young(survivor), O=old, HS=humongous(starts), HC=humongous(continues), CS=collection set, F=free, OA=open archive, CA=closed archive, TAMS=top-at-mark-start (previous, next)
|   0|0x00000000c2c00000, 0x00000000c2c00000, 0x00000000c2d00000|  0%| F|  |TAMS 0x00000000c2c00000, 0x00000000c2c00000| Untracked 
|   1|0x00000000c2d00000, 0x00000000c2d00000, 0x00000000c2e00000|  0%| F|  |TAMS 0x00000000c2d00000, 0x00000000c2d00000| Untracked 
|   2|0x00000000c2e00000, 0x00000000c2e00000, 0x00000000c2f00000|  0%| F|  |TAMS 0x00000000c2e00000, 0x00000000c2e00000| Untracked 
|   3|0x00000000c2f00000, 0x00000000c2f00000, 0x00000000c3000000|  0%| F|  |TAMS 0x00000000c2f00000, 0x00000000c2f00000| Untracked 
|   4|0x00000000c3000000, 0x00000000c3000000, 0x00000000c3100000|  0%| F|  |TAMS 0x00000000c3000000, 0x00000000c3000000| Untracked 
|   5|0x00000000c3100000, 0x00000000c3100000, 0x00000000c3200000|  0%| F|  |TAMS 0x00000000c3100000, 0x00000000c3100000| Untracked 
|   6|0x00000000c3200000, 0x00000000c3200000, 0x00000000c3300000|  0%| F|  |TAMS 0x00000000c3200000, 0x00000000c3200000| Untracked 
|   7|0x00000000c3300000, 0x00000000c3300000, 0x00000000c3400000|  0%| F|  |TAMS 0x00000000c3300000, 0x00000000c3300000| Untracked 
|   8|0x00000000c3400000, 0x00000000c3400000, 0x00000000c3500000|  0%| F|  |TAMS 0x00000000c3400000, 0x00000000c3400000| Untracked 
|   9|0x00000000c3500000, 0x00000000c3500000, 0x00000000c3600000|  0%| F|  |TAMS 0x00000000c3500000, 0x00000000c3500000| Untracked 
|  10|0x00000000c3600000, 0x00000000c3600000, 0x00000000c3700000|  0%| F|  |TAMS 0x00000000c3600000, 0x00000000c3600000| Untracked 
|  11|0x00000000c3700000, 0x00000000c3700000, 0x00000000c3800000|  0%| F|  |TAMS 0x00000000c3700000, 0x00000000c3700000| Untracked 
|  12|0x00000000c3800000, 0x00000000c3800000, 0x00000000c3900000|  0%| F|  |TAMS 0x00000000c3800000, 0x00000000c3800000| Untracked 
|  13|0x00000000c3900000, 0x00000000c3900000, 0x00000000c3a00000|  0%| F|  |TAMS 0x00000000c3900000, 0x00000000c3900000| Untracked 
|  14|0x00000000c3a00000, 0x00000000c3a00000, 0x00000000c3b00000|  0%| F|  |TAMS 0x00000000c3a00000, 0x00000000c3a00000| Untracked 
|  15|0x00000000c3b00000, 0x00000000c3b00000, 0x00000000c3c00000|  0%| F|  |TAMS 0x00000000c3b00000, 0x00000000c3b00000| Untracked 
|  16|0x00000000c3c00000, 0x00000000c3c00000, 0x00000000c3d00000|  0%| F|  |TAMS 0x00000000c3c00000, 0x00000000c3c00000| Untracked 
|  17|0x00000000c3d00000, 0x00000000c3d00000, 0x00000000c3e00000|  0%| F|  |TAMS 0x00000000c3d00000, 0x00000000c3d00000| Untracked 
|  18|0x00000000c3e00000, 0x00000000c3e00000, 0x00000000c3f00000|  0%| F|  |TAMS 0x00000000c3e00000, 0x00000000c3e00000| Untracked 
|  19|0x00000000c3f00000, 0x00000000c3f00000, 0x00000000c4000000|  0%| F|  |TAMS 0x00000000c3f00000, 0x00000000c3f00000| Untracked 
|  20|0x00000000c4000000, 0x00000000c4000000, 0x00000000c4100000|  0%| F|  |TAMS 0x00000000c4000000, 0x00000000c4000000| Untracked 
|  21|0x00000000c4100000, 0x00000000c4100000, 0x00000000c4200000|  0%| F|  |TAMS 0x00000000c4100000, 0x00000000c4100000| Untracked 
|  22|0x00000000c4200000, 0x00000000c4200000, 0x00000000c4300000|  0%| F|  |TAMS 0x00000000c4200000, 0x00000000c4200000| Untracked 
|  23|0x00000000c4300000, 0x00000000c4300000, 0x00000000c4400000|  0%| F|  |TAMS 0x00000000c4300000, 0x00000000c4300000| Untracked 
|  24|0x00000000c4400000, 0x00000000c4400000, 0x00000000c4500000|  0%| F|  |TAMS 0x00000000c4400000, 0x00000000c4400000| Untracked 
|  25|0x00000000c4500000, 0x00000000c4500000, 0x00000000c4600000|  0%| F|  |TAMS 0x00000000c4500000, 0x00000000c4500000| Untracked 
|  26|0x00000000c4600000, 0x00000000c4600000, 0x00000000c4700000|  0%| F|  |TAMS 0x00000000c4600000, 0x00000000c4600000| Untracked 
|  27|0x00000000c4700000, 0x00000000c4700000, 0x00000000c4800000|  0%| F|  |TAMS 0x00000000c4700000, 0x00000000c4700000| Untracked 
|  28|0x00000000c4800000, 0x00000000c4800000, 0x00000000c4900000|  0%| F|  |TAMS 0x00000000c4800000, 0x00000000c4800000| Untracked 
|  29|0x00000000c4900000, 0x00000000c4900000, 0x00000000c4a00000|  0%| F|  |TAMS 0x00000000c4900000, 0x00000000c4900000| Untracked 
|  30|0x00000000c4a00000, 0x00000000c4a00000, 0x00000000c4b00000|  0%| F|  |TAMS 0x00000000c4a00000, 0x00000000c4a00000| Untracked 
|  31|0x00000000c4b00000, 0x00000000c4b00000, 0x00000000c4c00000|  0%| F|  |TAMS 0x00000000c4b00000, 0x00000000c4b00000| Untracked 
|  32|0x00000000c4c00000, 0x00000000c4c00000, 0x00000000c4d00000|  0%| F|  |TAMS 0x00000000c4c00000, 0x00000000c4c00000| Untracked 
|  33|0x00000000c4d00000, 0x00000000c4d00000, 0x00000000c4e00000|  0%| F|  |TAMS 0x00000000c4d00000, 0x00000000c4d00000| Untracked 
|  34|0x00000000c4e00000, 0x00000000c4e00000, 0x00000000c4f00000|  0%| F|  |TAMS 0x00000000c4e00000, 0x00000000c4e00000| Untracked 
|  35|0x00000000c4f00000, 0x00000000c4f00000, 0x00000000c5000000|  0%| F|  |TAMS 0x00000000c4f00000, 0x00000000c4f00000| Untracked 
|  36|0x00000000c5000000, 0x00000000c5000000, 0x00000000c5100000|  0%| F|  |TAMS 0x00000000c5000000, 0x00000000c5000000| Untracked 
|  37|0x00000000c5100000, 0x00000000c5100000, 0x00000000c5200000|  0%| F|  |TAMS 0x00000000c5100000, 0x00000000c5100000| Untracked 
|  38|0x00000000c5200000, 0x00000000c5200000, 0x00000000c5300000|  0%| F|  |TAMS 0x00000000c5200000, 0x00000000c5200000| Untracked 
|  39|0x00000000c5300000, 0x00000000c5300000, 0x00000000c5400000|  0%| F|  |TAMS 0x00000000c5300000, 0x00000000c5300000| Untracked 
|  40|0x00000000c5400000, 0x00000000c5400000, 0x00000000c5500000|  0%| F|  |TAMS 0x00000000c5400000, 0x00000000c5400000| Untracked 
|  41|0x00000000c5500000, 0x00000000c5500000, 0x00000000c5600000|  0%| F|  |TAMS 0x00000000c5500000, 0x00000000c5500000| Untracked 
|  42|0x00000000c5600000, 0x00000000c5600000, 0x00000000c5700000|  0%| F|  |TAMS 0x00000000c5600000, 0x00000000c5600000| Untracked 
|  43|0x00000000c5700000, 0x00000000c5700000, 0x00000000c5800000|  0%| F|  |TAMS 0x00000000c5700000, 0x00000000c5700000| Untracked 
|  44|0x00000000c5800000, 0x00000000c5800000, 0x00000000c5900000|  0%| F|  |TAMS 0x00000000c5800000, 0x00000000c5800000| Untracked 
|  45|0x00000000c5900000, 0x00000000c5900000, 0x00000000c5a00000|  0%| F|  |TAMS 0x00000000c5900000, 0x00000000c5900000| Untracked 
|  46|0x00000000c5a00000, 0x00000000c5a00000, 0x00000000c5b00000|  0%| F|  |TAMS 0x00000000c5a00000, 0x00000000c5a00000| Untracked 
|  47|0x00000000c5b00000, 0x00000000c5b00000, 0x00000000c5c00000|  0%| F|  |TAMS 0x00000000c5b00000, 0x00000000c5b00000| Untracked 
|  48|0x00000000c5c00000, 0x00000000c5c00000, 0x00000000c5d00000|  0%| F|  |TAMS 0x00000000c5c00000, 0x00000000c5c00000| Untracked 
|  49|0x00000000c5d00000, 0x00000000c5d00000, 0x00000000c5e00000|  0%| F|  |TAMS 0x00000000c5d00000, 0x00000000c5d00000| Untracked 
|  50|0x00000000c5e00000, 0x00000000c5e00000, 0x00000000c5f00000|  0%| F|  |TAMS 0x00000000c5e00000, 0x00000000c5e00000| Untracked 
|  51|0x00000000c5f00000, 0x00000000c5f00000, 0x00000000c6000000|  0%| F|  |TAMS 0x00000000c5f00000, 0x00000000c5f00000| Untracked 
|  52|0x00000000c6000000, 0x00000000c6000000, 0x00000000c6100000|  0%| F|  |TAMS 0x00000000c6000000, 0x00000000c6000000| Untracked 
|  53|0x00000000c6100000, 0x00000000c6100000, 0x00000000c6200000|  0%| F|  |TAMS 0x00000000c6100000, 0x00000000c6100000| Untracked 
|  54|0x00000000c6200000, 0x00000000c6200000, 0x00000000c6300000|  0%| F|  |TAMS 0x00000000c6200000, 0x00000000c6200000| Untracked 
|  55|0x00000000c6300000, 0x00000000c6300000, 0x00000000c6400000|  0%| F|  |TAMS 0x00000000c6300000, 0x00000000c6300000| Untracked 
|  56|0x00000000c6400000, 0x00000000c647b820, 0x00000000c6500000| 48%| E|  |TAMS 0x00000000c6400000, 0x00000000c6400000| Complete 
|  57|0x00000000c6500000, 0x00000000c6600000, 0x00000000c6600000|100%| E|CS|TAMS 0x00000000c6500000, 0x00000000c6500000| Complete 
|  58|0x00000000c6600000, 0x00000000c6700000, 0x00000000c6700000|100%| E|CS|TAMS 0x00000000c6600000, 0x00000000c6600000| Complete 
|  59|0x00000000c6700000, 0x00000000c6800000, 0x00000000c6800000|100%| E|CS|TAMS 0x00000000c6700000, 0x00000000c6700000| Complete 
|  60|0x00000000c6800000, 0x00000000c6900000, 0x00000000c6900000|100%| E|CS|TAMS 0x00000000c6800000, 0x00000000c6800000| Complete 
|  61|0x00000000c6900000, 0x00000000c6a00000, 0x00000000c6a00000|100%| E|CS|TAMS 0x00000000c6900000, 0x00000000c6900000| Complete 

Card table byte_map: [0x000001e1cef30000,0x000001e1cf120000] _byte_map_base: 0x000001e1ce91a000

Marking Bits (Prev, Next): (CMBitMap*) 0x000001e1cf1add10, (CMBitMap*) 0x000001e1cf1add50
 Prev Bits: [0x000001e1e5ca0000, 0x000001e1e6bf0000)
 Next Bits: [0x000001e1e6bf0000, 0x000001e1e7b40000)

Polling page: 0x000001e1ccff0000

Metaspace:

Usage:
  Non-class:      5.65 MB used.
      Class:    757.01 KB used.
       Both:      6.39 MB used.

Virtual space:
  Non-class space:       64.00 MB reserved,       5.69 MB (  9%) committed,  1 nodes.
      Class space:        1.00 GB reserved,     896.00 KB ( <1%) committed,  1 nodes.
             Both:        1.06 GB reserved,       6.56 MB ( <1%) committed. 

Chunk freelists:
   Non-Class:  2.13 MB
       Class:  3.12 MB
        Both:  5.25 MB

MaxMetaspaceSize: unlimited
CompressedClassSpaceSize: 1.00 GB
Initial GC threshold: 21.00 MB
Current GC threshold: 21.00 MB
CDS: on
MetaspaceReclaimPolicy: balanced
 - commit_granule_bytes: 65536.
 - commit_granule_words: 8192.
 - virtual_space_node_default_size: 8388608.
 - enlarge_chunks_in_place: 1.
 - new_chunks_are_fully_committed: 0.
 - uncommit_free_chunks: 1.
 - use_allocation_guard: 0.


Internal statistics:

num_allocs_failed_limit: 0.
num_arena_births: 110.
num_arena_deaths: 0.
num_vsnodes_births: 2.
num_vsnodes_deaths: 0.
num_space_committed: 105.
num_space_uncommitted: 0.
num_chunks_returned_to_freelist: 0.
num_chunks_taken_from_freelist: 155.
num_chunk_merges: 0.
num_chunk_splits: 84.
num_chunks_enlarged: 22.
num_inconsistent_stats: 0.

CodeHeap 'non-profiled nmethods': size=120064Kb used=193Kb max_used=193Kb free=119870Kb
 bounds [0x000001e1de570000, 0x000001e1de7e0000, 0x000001e1e5ab0000]
CodeHeap 'profiled nmethods': size=120000Kb used=1026Kb max_used=1026Kb free=118973Kb
 bounds [0x000001e1d7040000, 0x000001e1d72b0000, 0x000001e1de570000]
CodeHeap 'non-nmethods': size=5696Kb used=1217Kb max_used=1233Kb free=4478Kb
 bounds [0x000001e1d6ab0000, 0x000001e1d6d20000, 0x000001e1d7040000]
 total_blobs=1189 nmethods=671 adapters=432
 compilation: enabled
              stopped_count=0, restarted_count=0
 full_count=0

Compilation events (20 events):
Event: 0.803 Thread 0x000001e1e9ec2be0 nmethod 662 0x000001e1d713f310 code [0x000001e1d713f4c0, 0x000001e1d713f798]
Event: 0.803 Thread 0x000001e1e9ec2be0  663       3       javax.swing.plaf.nimbus.NimbusDefaults::getDerivedColor (15 bytes)
Event: 0.803 Thread 0x000001e1e9ec2be0 nmethod 663 0x000001e1d713f890 code [0x000001e1d713fa40, 0x000001e1d713fba8]
Event: 0.803 Thread 0x000001e1e9e5aee0 nmethod 653 0x000001e1de59ea10 code [0x000001e1de59eba0, 0x000001e1de59ee88]
Event: 0.803 Thread 0x000001e1e9ec2be0  664       1       java.lang.Integer::intValue (5 bytes)
Event: 0.803 Thread 0x000001e1e9ec2be0 nmethod 664 0x000001e1de59f110 code [0x000001e1de59f2a0, 0x000001e1de59f378]
Event: 0.803 Thread 0x000001e1e9e5aee0  665       4       java.lang.Float::compare (46 bytes)
Event: 0.803 Thread 0x000001e1e9ec2be0  666       3       java.lang.String::substring (10 bytes)
Event: 0.804 Thread 0x000001e1e9ec2be0 nmethod 666 0x000001e1d713fc90 code [0x000001e1d713fe40, 0x000001e1d7140088]
Event: 0.804 Thread 0x000001e1e9e5aee0 nmethod 665 0x000001e1de59f410 code [0x000001e1de59f580, 0x000001e1de59f638]
Event: 0.807 Thread 0x000001e1e9ec2be0  667       1       java.beans.PropertyChangeEvent::getOldValue (5 bytes)
Event: 0.808 Thread 0x000001e1e9ec2be0 nmethod 667 0x000001e1de59f710 code [0x000001e1de59f8a0, 0x000001e1de59f978]
Event: 0.808 Thread 0x000001e1e9ec2be0  668       1       java.beans.PropertyChangeEvent::getNewValue (5 bytes)
Event: 0.808 Thread 0x000001e1e9ec2be0 nmethod 668 0x000001e1de59fa10 code [0x000001e1de59fba0, 0x000001e1de59fc78]
Event: 0.813 Thread 0x000001e1e9ec2be0  669       3       jdk.internal.jimage.ImageLocation::readValue (61 bytes)
Event: 0.813 Thread 0x000001e1e9e5aee0  670       4       java.nio.DirectByteBuffer::ix (10 bytes)
Event: 0.813 Thread 0x000001e1e9ec2be0 nmethod 669 0x000001e1d7140190 code [0x000001e1d7140360, 0x000001e1d7140738]
Event: 0.813 Thread 0x000001e1e9e5aee0 nmethod 670 0x000001e1de59fd10 code [0x000001e1de59fe80, 0x000001e1de59fef8]
Event: 0.814 Thread 0x000001e1e9ec2be0  672       1       jdk.internal.jimage.ImageHeader::getTableLength (5 bytes)
Event: 0.814 Thread 0x000001e1e9ec2be0 nmethod 672 0x000001e1de5a0410 code [0x000001e1de5a05a0, 0x000001e1de5a0678]

GC Heap History (0 events):
No events

Deoptimization events (16 events):
Event: 0.172 Thread 0x000001e1cf16cd50 Uncommon trap: trap_request=0xffffff45 fr.pc=0x000001e1de57bd70 relative=0x00000000000007d0
Event: 0.172 Thread 0x000001e1cf16cd50 Uncommon trap: reason=unstable_if action=reinterpret pc=0x000001e1de57bd70 method=java.util.HashMap.putVal(ILjava/lang/Object;Ljava/lang/Object;ZZ)Ljava/lang/Object; @ 69 c2
Event: 0.172 Thread 0x000001e1cf16cd50 DEOPT PACKING pc=0x000001e1de57bd70 sp=0x00000012967feca0
Event: 0.172 Thread 0x000001e1cf16cd50 DEOPT UNPACKING pc=0x000001e1d6b0239d sp=0x00000012967fec50 mode 2
Event: 0.179 Thread 0x000001e1cf16cd50 Uncommon trap: trap_request=0xffffff45 fr.pc=0x000001e1de57a2a0 relative=0x0000000000000080
Event: 0.179 Thread 0x000001e1cf16cd50 Uncommon trap: reason=unstable_if action=reinterpret pc=0x000001e1de57a2a0 method=java.lang.String.hashCode()I @ 13 c2
Event: 0.179 Thread 0x000001e1cf16cd50 DEOPT PACKING pc=0x000001e1de57a2a0 sp=0x00000012967fe2d0
Event: 0.179 Thread 0x000001e1cf16cd50 DEOPT UNPACKING pc=0x000001e1d6b0239d sp=0x00000012967fe268 mode 2
Event: 0.228 Thread 0x000001e1cf16cd50 Uncommon trap: trap_request=0xfffffff4 fr.pc=0x000001e1de57c8b0 relative=0x0000000000000190
Event: 0.228 Thread 0x000001e1cf16cd50 Uncommon trap: reason=null_check action=make_not_entrant pc=0x000001e1de57c8b0 method=java.lang.String.equals(Ljava/lang/Object;)Z @ 8 c2
Event: 0.228 Thread 0x000001e1cf16cd50 DEOPT PACKING pc=0x000001e1de57c8b0 sp=0x00000012967fd2c0
Event: 0.228 Thread 0x000001e1cf16cd50 DEOPT UNPACKING pc=0x000001e1d6b0239d sp=0x00000012967fd268 mode 2
Event: 0.796 Thread 0x000001e1ee415020 Uncommon trap: trap_request=0xffffff45 fr.pc=0x000001e1de599e78 relative=0x0000000000000918
Event: 0.796 Thread 0x000001e1ee415020 Uncommon trap: reason=unstable_if action=reinterpret pc=0x000001e1de599e78 method=java.util.HashMap.resize()[Ljava/util/HashMap$Node; @ 203 c2
Event: 0.796 Thread 0x000001e1ee415020 DEOPT PACKING pc=0x000001e1de599e78 sp=0x0000001297dfdcd0
Event: 0.796 Thread 0x000001e1ee415020 DEOPT UNPACKING pc=0x000001e1d6b0239d sp=0x0000001297dfdc70 mode 2

Classes loaded (20 events):
Event: 0.814 Loading class sun/awt/SoftCache$ValueCell
Event: 0.814 Loading class sun/awt/SoftCache$ValueCell done
Event: 0.814 Loading class sun/awt/image/URLImageSource
Event: 0.814 Loading class sun/awt/image/InputStreamImageSource
Event: 0.815 Loading class java/awt/image/ImageProducer
Event: 0.815 Loading class java/awt/image/ImageProducer done
Event: 0.815 Loading class sun/awt/image/ImageFetchable
Event: 0.815 Loading class sun/awt/image/ImageFetchable done
Event: 0.815 Loading class sun/awt/image/InputStreamImageSource done
Event: 0.815 Loading class sun/awt/image/URLImageSource done
Event: 0.815 Loading class sun/awt/image/ToolkitImage
Event: 0.815 Loading class sun/awt/image/ToolkitImage done
Event: 0.815 Loading class sun/awt/image/NativeLibLoader
Event: 0.815 Loading class sun/awt/image/NativeLibLoader done
Event: 0.815 Loading class sun/awt/image/NativeLibLoader$1
Event: 0.815 Loading class sun/awt/image/NativeLibLoader$1 done
Event: 0.816 Loading class javax/swing/ImageIcon$3
Event: 0.816 Loading class javax/swing/ImageIcon$3 done
Event: 0.816 Loading class java/awt/ImageMediaEntry
Event: 0.816 Loading class java/awt/MediaEntry

Classes unloaded (0 events):
No events

Classes redefined (0 events):
No events

Internal exceptions (20 events):
Event: 0.679 Thread 0x000001e1cf16cd50 Exception <a 'java/lang/ClassNotFoundException'{0x00000000c6531738}: ToolBar> (0x00000000c6531738) 
thrown [s\open\src\hotspot\share\classfile\systemDictionary.cpp, line 255]
Event: 0.679 Thread 0x000001e1cf16cd50 Exception <a 'java/lang/ClassNotFoundException'{0x00000000c6531a90}: Button> (0x00000000c6531a90) 
thrown [s\open\src\hotspot\share\classfile\systemDictionary.cpp, line 255]
Event: 0.679 Thread 0x000001e1cf16cd50 Exception <a 'java/lang/ClassNotFoundException'{0x00000000c6531f50}: ToolBar> (0x00000000c6531f50) 
thrown [s\open\src\hotspot\share\classfile\systemDictionary.cpp, line 255]
Event: 0.679 Thread 0x000001e1cf16cd50 Exception <a 'java/lang/ClassNotFoundException'{0x00000000c65322b8}: ToggleButton> (0x00000000c65322b8) 
thrown [s\open\src\hotspot\share\classfile\systemDictionary.cpp, line 255]
Event: 0.679 Thread 0x000001e1cf16cd50 Exception <a 'java/lang/ClassNotFoundException'{0x00000000c65326f0}: javax/swing/JToolBarSeparator> (0x00000000c65326f0) 
thrown [s\open\src\hotspot\share\classfile\systemDictionary.cpp, line 255]
Event: 0.679 Thread 0x000001e1cf16cd50 Exception <a 'java/lang/ClassNotFoundException'{0x00000000c65329f8}: ToolBarSeparator> (0x00000000c65329f8) 
thrown [s\open\src\hotspot\share\classfile\systemDictionary.cpp, line 255]
Event: 0.680 Thread 0x000001e1cf16cd50 Exception <a 'java/lang/ClassNotFoundException'{0x00000000c6532f08}: ToolTip> (0x00000000c6532f08) 
thrown [s\open\src\hotspot\share\classfile\systemDictionary.cpp, line 255]
Event: 0.681 Thread 0x000001e1cf16cd50 Exception <a 'java/lang/ClassNotFoundException'{0x00000000c6533850}: Tree> (0x00000000c6533850) 
thrown [s\open\src\hotspot\share\classfile\systemDictionary.cpp, line 255]
Event: 0.681 Thread 0x000001e1cf16cd50 Exception <a 'java/lang/ClassNotFoundException'{0x00000000c6533d40}: Tree> (0x00000000c6533d40) 
thrown [s\open\src\hotspot\share\classfile\systemDictionary.cpp, line 255]
Event: 0.681 Thread 0x000001e1cf16cd50 Exception <a 'java/lang/ClassNotFoundException'{0x00000000c65340a8}: javax/swing/JTreeCell> (0x00000000c65340a8) 
thrown [s\open\src\hotspot\share\classfile\systemDictionary.cpp, line 255]
Event: 0.682 Thread 0x000001e1cf16cd50 Exception <a 'java/lang/ClassNotFoundException'{0x00000000c65343a8}: TreeCell> (0x00000000c65343a8) 
thrown [s\open\src\hotspot\share\classfile\systemDictionary.cpp, line 255]
Event: 0.682 Thread 0x000001e1cf16cd50 Exception <a 'java/lang/ClassNotFoundException'{0x00000000c6534b58}: RootPane> (0x00000000c6534b58) 
thrown [s\open\src\hotspot\share\classfile\systemDictionary.cpp, line 255]
Event: 0.685 Thread 0x000001e1cf16cd50 Exception <a 'java/lang/ClassNotFoundException'{0x00000000c65378f8}: com/sun/swing/internal/plaf/metal/resources/spi/metalProvider> (0x00000000c65378f8) 
thrown [s\open\src\hotspot\share\classfile\systemDictionary.cpp, line 255]
Event: 0.686 Thread 0x000001e1cf16cd50 Exception <a 'java/lang/ClassNotFoundException'{0x00000000c653b6d8}: com/sun/swing/internal/plaf/basic/resources/spi/basicProvider> (0x00000000c653b6d8) 
thrown [s\open\src\hotspot\share\classfile\systemDictionary.cpp, line 255]
Event: 0.737 Thread 0x000001e1ee415020 Exception <a 'java/lang/ClassNotFoundException'{0x00000000c65cdaf8}: com/sun/swing/internal/plaf/synth/resources/spi/synthProvider> (0x00000000c65cdaf8) 
thrown [s\open\src\hotspot\share\classfile\systemDictionary.cpp, line 255]
Event: 0.774 Thread 0x000001e1ee415020 Exception <a 'java/lang/NoSuchMethodError'{0x00000000c64125e0}: 'int java.lang.invoke.Invokers$Holder.invokeExact_MT(java.lang.Object, java.lang.Object)'> (0x00000000c64125e0) 
thrown [s\open\src\hotspot\share\interpreter\linkResolver.cpp, line 766]
Event: 0.781 Thread 0x000001e1ee415020 Exception <a 'java/lang/NoSuchMethodError'{0x00000000c6419a00}: 'java.lang.Object java.lang.invoke.DirectMethodHandle$Holder.newInvokeSpecial(java.lang.Object, java.lang.Object, int)'> (0x00000000c6419a00) 
thrown [s\open\src\hotspot\share\interpreter\linkResolver.cpp, line 766]
Event: 0.783 Thread 0x000001e1ee415020 Exception <a 'java/lang/NoSuchMethodError'{0x00000000c641ec38}: 'int java.lang.invoke.DirectMethodHandle$Holder.invokeSpecial(java.lang.Object, java.lang.Object, java.lang.Object, int)'> (0x00000000c641ec38) 
thrown [s\open\src\hotspot\share\interpreter\linkResolver.cpp, line 766]
Event: 0.789 Thread 0x000001e1ee415020 Exception <a 'java/lang/NoSuchMethodError'{0x00000000c6431930}: 'java.lang.Object java.lang.invoke.DirectMethodHandle$Holder.invokeStatic(java.lang.Object, java.lang.Object, java.lang.Object, java.lang.Object, int)'> (0x00000000c6431930) 
thrown [s\open\src\hotspot\share\interpreter\linkResolver.cpp, line 766]
Event: 0.791 Thread 0x000001e1ee415020 Exception <a 'java/lang/NoSuchMethodError'{0x00000000c643da50}: 'int java.lang.invoke.DirectMethodHandle$Holder.invokeSpecial(java.lang.Object, java.lang.Object, java.lang.Object)'> (0x00000000c643da50) 
thrown [s\open\src\hotspot\share\interpreter\linkResolver.cpp, line 766]

VM Operations (2 events):
Event: 0.777 Executing VM operation: HandshakeAllThreads
Event: 0.777 Executing VM operation: HandshakeAllThreads done

Events (20 events):
Event: 0.043 Thread 0x000001e1e9e57190 Thread added: 0x000001e1e9e57190
Event: 0.043 Thread 0x000001e1e9e57a40 Thread added: 0x000001e1e9e57a40
Event: 0.043 Thread 0x000001e1e9e5a300 Thread added: 0x000001e1e9e5a300
Event: 0.043 Thread 0x000001e1e9e5aee0 Thread added: 0x000001e1e9e5aee0
Event: 0.050 Thread 0x000001e1e9ec2be0 Thread added: 0x000001e1e9ec2be0
Event: 0.050 Thread 0x000001e1e9ec50f0 Thread added: 0x000001e1e9ec50f0
Event: 0.088 Thread 0x000001e1e9ee51d0 Thread added: 0x000001e1e9ee51d0
Event: 0.111 Loaded shared library C:\Program Files\Java\jdk-18.0.1.1\bin\net.dll
Event: 0.114 Loaded shared library C:\Program Files\Java\jdk-18.0.1.1\bin\nio.dll
Event: 0.178 Thread 0x000001e1ee1e0780 Thread added: 0x000001e1ee1e0780
Event: 0.203 Loaded shared library C:\Program Files\Java\jdk-18.0.1.1\bin\jimage.dll
Event: 0.238 Loaded shared library C:\Program Files\Java\jdk-18.0.1.1\bin\awt.dll
Event: 0.416 Thread 0x000001e1ee25f3d0 Thread added: 0x000001e1ee25f3d0
Event: 0.420 Thread 0x000001e1ee25f890 Thread added: 0x000001e1ee25f890
Event: 0.460 Thread 0x000001e1ee25fd50 Thread added: 0x000001e1ee25fd50
Event: 0.597 Loaded shared library C:\Program Files\Java\jdk-18.0.1.1\bin\freetype.dll
Event: 0.597 Loaded shared library C:\Program Files\Java\jdk-18.0.1.1\bin\fontmanager.dll
Event: 0.723 Thread 0x000001e1ee415020 Thread added: 0x000001e1ee415020
Event: 0.723 Thread 0x000001e1cf16cd50 Thread exited: 0x000001e1cf16cd50
Event: 0.723 Thread 0x000001e1cf16cd50 Thread added: 0x000001e1cf16cd50


Dynamic libraries:
0x00007ff7546e0000 - 0x00007ff7546f0000 	C:\Program Files\Java\jdk-18.0.1.1\bin\java.exe
0x00007ff9c1f90000 - 0x00007ff9c2185000 	C:\Windows\SYSTEM32\ntdll.dll
0x00007ff9c0560000 - 0x00007ff9c061d000 	C:\Windows\System32\KERNEL32.DLL
0x00007ff9bf6a0000 - 0x00007ff9bf96d000 	C:\Windows\System32\KERNELBASE.dll
0x00007ff9bfee0000 - 0x00007ff9bffe0000 	C:\Windows\System32\ucrtbase.dll
0x00007ff9ac050000 - 0x00007ff9ac068000 	C:\Program Files\Java\jdk-18.0.1.1\bin\jli.dll
0x00007ff9c0750000 - 0x00007ff9c07fe000 	C:\Windows\System32\ADVAPI32.dll
0x00007ff9c0ae0000 - 0x00007ff9c0b7e000 	C:\Windows\System32\msvcrt.dll
0x00007ff9bffe0000 - 0x00007ff9c007c000 	C:\Windows\System32\sechost.dll
0x00007ff9c0620000 - 0x00007ff9c0745000 	C:\Windows\System32\RPCRT4.dll
0x00007ff9c1710000 - 0x00007ff9c18b0000 	C:\Windows\System32\USER32.dll
0x00007ff9bfb20000 - 0x00007ff9bfb42000 	C:\Windows\System32\win32u.dll
0x00007ff9c04a0000 - 0x00007ff9c04ca000 	C:\Windows\System32\GDI32.dll
0x00007ff9bfb50000 - 0x00007ff9bfc5b000 	C:\Windows\System32\gdi32full.dll
0x00007ff9bf970000 - 0x00007ff9bfa0d000 	C:\Windows\System32\msvcp_win.dll
0x00007ff9ba0f0000 - 0x00007ff9ba10a000 	C:\Program Files\Java\jdk-18.0.1.1\bin\VCRUNTIME140.dll
0x00007ff9a9400000 - 0x00007ff9a969a000 	C:\Windows\WinSxS\amd64_microsoft.windows.common-controls_6595b64144ccf1df_6.0.19041.1110_none_60b5254171f9507e\COMCTL32.dll
0x00007ff9b68a0000 - 0x00007ff9b68aa000 	C:\Windows\SYSTEM32\VERSION.dll
0x00007ff9c04d0000 - 0x00007ff9c0500000 	C:\Windows\System32\IMM32.DLL
0x00007ff9ba0e0000 - 0x00007ff9ba0ec000 	C:\Program Files\Java\jdk-18.0.1.1\bin\vcruntime140_1.dll
0x00007ff9a9a20000 - 0x00007ff9a9aad000 	C:\Program Files\Java\jdk-18.0.1.1\bin\msvcp140.dll
0x00007ff986010000 - 0x00007ff986c20000 	C:\Program Files\Java\jdk-18.0.1.1\bin\server\jvm.dll
0x00007ff9c13a0000 - 0x00007ff9c13a8000 	C:\Windows\System32\PSAPI.DLL
0x00007ff9ba110000 - 0x00007ff9ba119000 	C:\Windows\SYSTEM32\WSOCK32.dll
0x00007ff9c0b80000 - 0x00007ff9c0beb000 	C:\Windows\System32\WS2_32.dll
0x00007ff994b20000 - 0x00007ff994b47000 	C:\Windows\SYSTEM32\WINMM.dll
0x00007ff9bdf30000 - 0x00007ff9bdf42000 	C:\Windows\SYSTEM32\kernel.appcore.dll
0x00007ff9ba0d0000 - 0x00007ff9ba0da000 	C:\Program Files\Java\jdk-18.0.1.1\bin\jimage.dll
0x00007ff9bd4a0000 - 0x00007ff9bd684000 	C:\Windows\SYSTEM32\DBGHELP.DLL
0x00007ff9a9100000 - 0x00007ff9a912c000 	C:\Windows\SYSTEM32\dbgcore.DLL
0x00007ff9bfa40000 - 0x00007ff9bfac2000 	C:\Windows\System32\bcryptPrimitives.dll
0x00007ff9b4570000 - 0x00007ff9b4595000 	C:\Program Files\Java\jdk-18.0.1.1\bin\java.dll
0x00007ff9ac640000 - 0x00007ff9ac716000 	C:\Program Files\Java\jdk-18.0.1.1\bin\jsvml.dll
0x00007ff9c0bf0000 - 0x00007ff9c1334000 	C:\Windows\System32\SHELL32.dll
0x00007ff9bd690000 - 0x00007ff9bde24000 	C:\Windows\SYSTEM32\windows.storage.dll
0x00007ff9c13b0000 - 0x00007ff9c1704000 	C:\Windows\System32\combase.dll
0x00007ff9bf030000 - 0x00007ff9bf05c000 	C:\Windows\SYSTEM32\Wldp.dll
0x00007ff9c0160000 - 0x00007ff9c020d000 	C:\Windows\System32\SHCORE.dll
0x00007ff9c0500000 - 0x00007ff9c0555000 	C:\Windows\System32\shlwapi.dll
0x00007ff9bf5e0000 - 0x00007ff9bf5ff000 	C:\Windows\SYSTEM32\profapi.dll
0x00007ff9ba040000 - 0x00007ff9ba053000 	C:\Program Files\Java\jdk-18.0.1.1\bin\net.dll
0x00007ff9b4250000 - 0x00007ff9b435a000 	C:\Windows\SYSTEM32\WINHTTP.dll
0x00007ff9bed90000 - 0x00007ff9bedfa000 	C:\Windows\system32\mswsock.dll
0x00007ff9b8a60000 - 0x00007ff9b8a76000 	C:\Program Files\Java\jdk-18.0.1.1\bin\nio.dll
0x00007ff9884b0000 - 0x00007ff98863f000 	C:\Program Files\Java\jdk-18.0.1.1\bin\awt.dll
0x00007ff9c0090000 - 0x00007ff9c015d000 	C:\Windows\System32\OLEAUT32.dll
0x00007ff9bbb80000 - 0x00007ff9bbc10000 	C:\Windows\SYSTEM32\apphelp.dll
0x00007ff9bc040000 - 0x00007ff9bc0de000 	C:\Windows\system32\uxtheme.dll
0x00007ff9c18b0000 - 0x00007ff9c19c5000 	C:\Windows\System32\MSCTF.dll
0x00007ff9c0950000 - 0x00007ff9c0a7a000 	C:\Windows\System32\ole32.dll
0x00007ff9bd060000 - 0x00007ff9bd08f000 	C:\Windows\system32\DWMAPI.DLL
0x00007ff99c160000 - 0x00007ff99c1e9000 	C:\Program Files\Java\jdk-18.0.1.1\bin\freetype.dll
0x00007ff99a380000 - 0x00007ff99a428000 	C:\Program Files\Java\jdk-18.0.1.1\bin\fontmanager.dll
0x00007ff992010000 - 0x00007ff992136000 	C:\Windows\system32\opengl32.dll
0x00007ff991fa0000 - 0x00007ff991fcc000 	C:\Windows\SYSTEM32\GLU32.dll

dbghelp: loaded successfully - version: 4.0.5 - missing functions: none
symbol engine: initialized successfully - sym options: 0x614 - pdb path: .;C:\Program Files\Java\jdk-18.0.1.1\bin;C:\Windows\SYSTEM32;C:\Windows\WinSxS\amd64_microsoft.windows.common-controls_6595b64144ccf1df_6.0.19041.1110_none_60b5254171f9507e;C:\Program Files\Java\jdk-18.0.1.1\bin\server

VM Arguments:
jvm_args: -Dfile.encoding=UTF-8 --module-path=C:\Users\abreu\Documents\NetBeansProjects\ThinkBigProjeto\build\classes 
java_command: thinkbigprojeto.Inicial
java_class_path (initial): C:\Users\abreu\Downloads\TimingFramework-0.55.jar;C:\Users\abreu\Documents\NetBeansProjects\ThinkBigProjeto\build\classes
Launcher Type: SUN_STANDARD

[Global flags]
     intx CICompilerCount                          = 2                                         {product} {ergonomic}
     uint ConcGCThreads                            = 1                                         {product} {ergonomic}
     uint G1ConcRefinementThreads                  = 2                                         {product} {ergonomic}
   size_t G1HeapRegionSize                         = 1048576                                   {product} {ergonomic}
    uintx GCDrainStackTargetSize                   = 64                                        {product} {ergonomic}
   size_t InitialHeapSize                          = 65011712                                  {product} {ergonomic}
   size_t MarkStackSize                            = 4194304                                   {product} {ergonomic}
   size_t MaxHeapSize                              = 1027604480                                {product} {ergonomic}
   size_t MaxNewSize                               = 616562688                                 {product} {ergonomic}
   size_t MinHeapDeltaBytes                        = 1048576                                   {product} {ergonomic}
   size_t MinHeapSize                              = 8388608                                   {product} {ergonomic}
    uintx NonNMethodCodeHeapSize                   = 5826188                                {pd product} {ergonomic}
    uintx NonProfiledCodeHeapSize                  = 122916026                              {pd product} {ergonomic}
    uintx ProfiledCodeHeapSize                     = 122916026                              {pd product} {ergonomic}
    uintx ReservedCodeCacheSize                    = 251658240                              {pd product} {ergonomic}
     bool SegmentedCodeCache                       = true                                      {product} {ergonomic}
   size_t SoftMaxHeapSize                          = 1027604480                             {manageable} {ergonomic}
     bool UseCompressedClassPointers               = true                           {product lp64_product} {ergonomic}
     bool UseCompressedOops                        = true                           {product lp64_product} {ergonomic}
     bool UseG1GC                                  = true                                      {product} {ergonomic}
     bool UseLargePagesIndividualAllocation        = false                                  {pd product} {ergonomic}

Logging:
Log output configuration:
 #0: stdout all=warning uptime,level,tags foldmultilines=false
 #1: stderr all=off uptime,level,tags foldmultilines=false

Environment Variables:
PATH=C:\Program Files\Common Files\Oracle\Java\javapath;C:\ProgramData\Oracle\Java\javapath;C:\Windows\system32;C:\Windows;C:\Windows\System32\Wbem;C:\Windows\System32\WindowsPowerShell\v1.0\;C:\Windows\System32\OpenSSH\;C:\Program Files\Git\cmd;C:\Program Files\Git\mingw64\bin;C:\Program Files\Git\usr\bin;C:\Users\abreu\AppData\Local\Microsoft\WindowsApps;;C:\Users\abreu\AppData\Local\Programs\Microsoft VS Code\bin
USERNAME=abreu
OS=Windows_NT
PROCESSOR_IDENTIFIER=Intel64 Family 6 Model 122 Stepping 8, GenuineIntel



---------------  S Y S T E M  ---------------

OS:
 Windows 10 , 64 bit Build 19041 (10.0.19041.1706)
OS uptime: 2 days 17:31 hours

CPU: total 2 (initial active 2) (2 cores per cpu, 1 threads per core) family 6 model 122 stepping 8 microcode 0x16, cx8, cmov, fxsr, mmx, 3dnowpref, sse, sse2, sse3, ssse3, sse4.1, sse4.2, popcnt, tsc, tscinvbit, aes, erms, clmul, sha, clflush, clflushopt

Memory: 4k page, system-wide physical 3916M (811M free)
TotalPageFile size 15692M (AvailPageFile size 3M)
current process WorkingSet (physical memory assigned to process): 52M, peak: 52M
current process commit charge ("private bytes"): 142M, peak: 142M

vm_info: Java HotSpot(TM) 64-Bit Server VM (18.0.1.1+2-6) for windows-amd64 JRE (18.0.1.1+2-6), built on Apr 25 2022 21:53:15 by "mach5one" with MS VC++ 16.8 / 16.9 (VS2019)

END.
